[ 2015-03-19T19:52:19+08:00 ] ::1 /moneysystem/index.php?m=admin
ERR: 无法加载模块:Admin

[ 2015-03-19T19:52:20+08:00 ] ::1 /moneysystem/index.php?m=admin
ERR: 无法加载模块:Admin

[ 2015-03-19T22:36:55+08:00 ] ::1 /moneysystem/publish
ERR: 无法加载模块:Publish

[ 2015-03-19T22:37:06+08:00 ] ::1 /moneysystem/index/publish
ERR: 无法加载模块:Index

[ 2015-03-19T22:38:46+08:00 ] ::1 /moneysystem/index.php/index/cln
ERR: 无法加载模块:Index

[ 2015-03-19T22:38:49+08:00 ] ::1 /moneysystem/index.php/index/cln
ERR: 无法加载模块:Index

[ 2015-03-19T22:45:51+08:00 ] ::1 /moneysystem/homef
ERR: 无法加载模块:Homef

[ 2015-03-19T22:56:00+08:00 ] ::1 /moneysystem/fk
ERR: 无法加载模块:Fk

[ 2015-03-19T22:56:05+08:00 ] ::1 /moneysystem/index/fk
ERR: 无法加载模块:Index

[ 2015-03-19T22:56:10+08:00 ] ::1 /moneysystem/fk
ERR: 无法加载模块:Fk

[ 2015-03-19T22:57:14+08:00 ] ::1 /moneysystem/index.php/fktry
ERR: 无法加载模块:Fktry

[ 2015-03-19T22:57:19+08:00 ] ::1 /moneysystem/index.php/index/fktry
ERR: 无法加载模块:Index

[ 2015-03-19T22:59:50+08:00 ] ::1 /moneysystem/fktry
ERR: 无法加载模块:Fktry

